 ---------------------------------------------------------------------------------------------------------------------------------- 
|                                             Memory report for: 07/25/2007 21:49:41                                               |
 ---------------------------------------------------------------------------------------------------------------------------------- 


 ---------------------------------------------------------------------------------------------------------------------------------- 
|                                                           T O T A L S                                                            |
 ---------------------------------------------------------------------------------------------------------------------------------- 
              Allocation unit count:          1
            Reported to application:        528 bytes     
         Actual total memory in use:        560 bytes     
           Memory tracking overhead:         32 bytes     

 ---------------------------------------------------------------------------------------------------------------------------------- 
|                                                            P E A K S                                                             |
 ---------------------------------------------------------------------------------------------------------------------------------- 
              Allocation unit count:        117
            Reported to application:    262,716 ( 256.56K)
                             Actual:    262,844 ( 256.68K)
           Memory tracking overhead:        128 bytes     

 ---------------------------------------------------------------------------------------------------------------------------------- 
|                                                      A C C U M U L A T E D                                                       |
 ---------------------------------------------------------------------------------------------------------------------------------- 
              Allocation unit count:     20,980 (  20.49K)
            Reported to application:    764,530 ( 746.61K)
                             Actual:  1,435,890 (   1.37M)

 ---------------------------------------------------------------------------------------------------------------------------------- 
|                                                           U N U S E D                                                            |
 ---------------------------------------------------------------------------------------------------------------------------------- 
    Memory allocated but not in use:          0 bytes     

Alloc.   Addr       Size       Addr       Size                        BreakOn BreakOn              
Number Reported   Reported    Actual     Actual     Unused    Method  Dealloc Realloc Allocated by 
------ ---------- ---------- ---------- ---------- ---------- -------- ------- ------- --------------------------------------------------- 
019945 0x05780A00 0x00000210 0x057809F0 0x00000230 0x00000000 realloc     N       N    particle.cpp(00405)::CParticle::SetArraySize
