 ---------------------------------------------------------------------------------------------------------------------------------- 
|                                             Memory report for: 11/12/2007 18:43:37                                               |
 ---------------------------------------------------------------------------------------------------------------------------------- 


 ---------------------------------------------------------------------------------------------------------------------------------- 
|                                                           T O T A L S                                                            |
 ---------------------------------------------------------------------------------------------------------------------------------- 
              Allocation unit count:          5
            Reported to application:        400 bytes     
         Actual total memory in use:        560 bytes     
           Memory tracking overhead:        160 bytes     

 ---------------------------------------------------------------------------------------------------------------------------------- 
|                                                            P E A K S                                                             |
 ---------------------------------------------------------------------------------------------------------------------------------- 
              Allocation unit count:         23
            Reported to application:      7,344 (   7.17K)
                             Actual:      8,080 (   7.89K)
           Memory tracking overhead:        736 bytes     

 ---------------------------------------------------------------------------------------------------------------------------------- 
|                                                      A C C U M U L A T E D                                                       |
 ---------------------------------------------------------------------------------------------------------------------------------- 
              Allocation unit count:      1,283 (   1.25K)
            Reported to application:    950,688 ( 928.41K)
                             Actual:    991,744 ( 968.50K)

 ---------------------------------------------------------------------------------------------------------------------------------- 
|                                                           U N U S E D                                                            |
 ---------------------------------------------------------------------------------------------------------------------------------- 
    Memory allocated but not in use:        328 bytes     

Alloc.   Addr       Size       Addr       Size                        BreakOn BreakOn              
Number Reported   Reported    Actual     Actual     Unused    Method  Dealloc Realloc Allocated by 
------ ---------- ---------- ---------- ---------- ---------- -------- ------- ------- --------------------------------------------------- 
000001 0x0037C828 0x0000000C 0x0037C818 0x0000002C 0x00000004 new         N       N    ??(00000)::??
000002 0x0037D900 0x00000160 0x0037D8F0 0x00000180 0x00000140 realloc     N       N    particle.cpp(00408)::CParticle::SetArraySize
000003 0x0037DAB0 0x0000000C 0x0037DAA0 0x0000002C 0x00000004 new         N       N    ??(00000)::??
000014 0x0037E180 0x0000000C 0x0037E170 0x0000002C 0x00000000 new         N       N    ??(00000)::??
000015 0x0037E1D8 0x0000000C 0x0037E1C8 0x0000002C 0x00000000 new         N       N    ??(00000)::??
