 ---------------------------------------------------------------------------------------------------------------------------------- 
|                                             Memory report for: 08/21/2007 14:28:01                                               |
 ---------------------------------------------------------------------------------------------------------------------------------- 


 ---------------------------------------------------------------------------------------------------------------------------------- 
|                                                           T O T A L S                                                            |
 ---------------------------------------------------------------------------------------------------------------------------------- 
              Allocation unit count:          1
            Reported to application:        352 bytes     
         Actual total memory in use:        384 bytes     
           Memory tracking overhead:         32 bytes     

 ---------------------------------------------------------------------------------------------------------------------------------- 
|                                                            P E A K S                                                             |
 ---------------------------------------------------------------------------------------------------------------------------------- 
              Allocation unit count:        114
            Reported to application:    262,716 ( 256.56K)
                             Actual:    262,844 ( 256.68K)
           Memory tracking overhead:        128 bytes     

 ---------------------------------------------------------------------------------------------------------------------------------- 
|                                                      A C C U M U L A T E D                                                       |
 ---------------------------------------------------------------------------------------------------------------------------------- 
              Allocation unit count:      7,200 (   7.03K)
            Reported to application:    629,064 ( 614.32K)
                             Actual:    859,464 ( 839.32K)

 ---------------------------------------------------------------------------------------------------------------------------------- 
|                                                           U N U S E D                                                            |
 ---------------------------------------------------------------------------------------------------------------------------------- 
    Memory allocated but not in use:        320 bytes     

Alloc.   Addr       Size       Addr       Size                        BreakOn BreakOn              
Number Reported   Reported    Actual     Actual     Unused    Method  Dealloc Realloc Allocated by 
------ ---------- ---------- ---------- ---------- ---------- -------- ------- ------- --------------------------------------------------- 
000121 0x0037C7D0 0x00000160 0x0037C7C0 0x00000180 0x00000140 realloc     N       N    particle.cpp(00405)::CParticle::SetArraySize
